<?xml version="1.0" encoding="UTF-8"?>
<testsuite name="game.physics.math.Geom2DTest" tests="1" skipped="0" failures="0" errors="0" timestamp="2019-01-15T18:53:10" hostname="peter-7000" time="0.001">
  <properties/>
  <testcase name="testDistance" classname="game.physics.math.Geom2DTest" time="0.001"/>
  <system-out><![CDATA[]]></system-out>
  <system-err><![CDATA[]]></system-err>
</testsuite>
