<?xml version="1.0" encoding="UTF-8"?>
<testsuite name="engine.physics.math.Geom2DTest" tests="1" skipped="0" failures="0" errors="0" timestamp="2018-12-27T03:21:20" hostname="peter-7000" time="0.001">
  <properties/>
  <testcase name="testDistance" classname="engine.physics.math.Geom2DTest" time="0.001"/>
  <system-out><![CDATA[]]></system-out>
  <system-err><![CDATA[]]></system-err>
</testsuite>
